<?xml version="1.0" encoding="UTF-8"?>
<coverage generated="1638718149090" clover="3.2.0">
  <project timestamp="1638718149091" name="All files">
    <metrics statements="125" coveredstatements="96" conditionals="10" coveredconditionals="4" methods="21" coveredmethods="9" elements="156" coveredelements="109" complexity="0" loc="125" ncloc="125" packages="6" files="10" classes="10"/>
    <package name="src">
      <metrics statements="40" coveredstatements="33" conditionals="4" coveredconditionals="2" methods="4" coveredmethods="0"/>
      <file name="app.js" path="E:\NodeJs\ABC\Nodejs_Testing\src\app.js">
        <metrics statements="18" coveredstatements="16" conditionals="4" coveredconditionals="2" methods="0" coveredmethods="0"/>
        <line num="1" count="2" type="stmt"/>
        <line num="2" count="2" type="stmt"/>
        <line num="3" count="2" type="stmt"/>
        <line num="4" count="2" type="stmt"/>
        <line num="5" count="2" type="stmt"/>
        <line num="6" count="2" type="stmt"/>
        <line num="7" count="2" type="stmt"/>
        <line num="10" count="2" type="stmt"/>
        <line num="11" count="2" type="stmt"/>
        <line num="13" count="2" type="stmt"/>
        <line num="16" count="2" type="stmt"/>
        <line num="18" count="2" type="cond" truecount="1" falsecount="1"/>
        <line num="19" count="0" type="stmt"/>
        <line num="23" count="2" type="stmt"/>
        <line num="25" count="2" type="cond" truecount="1" falsecount="1"/>
        <line num="26" count="0" type="stmt"/>
        <line num="30" count="2" type="stmt"/>
        <line num="33" count="2" type="stmt"/>
      </file>
      <file name="logger.js" path="E:\NodeJs\ABC\Nodejs_Testing\src\logger.js">
        <metrics statements="15" coveredstatements="13" conditionals="0" coveredconditionals="0" methods="1" coveredmethods="0"/>
        <line num="1" count="2" type="stmt"/>
        <line num="2" count="2" type="stmt"/>
        <line num="3" count="2" type="stmt"/>
        <line num="4" count="2" type="stmt"/>
        <line num="5" count="2" type="stmt"/>
        <line num="6" count="2" type="stmt"/>
        <line num="9" count="2" type="stmt"/>
        <line num="10" count="0" type="stmt"/>
        <line num="14" count="0" type="stmt"/>
        <line num="24" count="2" type="stmt"/>
        <line num="29" count="2" type="stmt"/>
        <line num="32" count="2" type="stmt"/>
        <line num="57" count="2" type="stmt"/>
        <line num="64" count="2" type="stmt"/>
        <line num="83" count="2" type="stmt"/>
      </file>
      <file name="mongo.js" path="E:\NodeJs\ABC\Nodejs_Testing\src\mongo.js">
        <metrics statements="7" coveredstatements="4" conditionals="0" coveredconditionals="0" methods="3" coveredmethods="0"/>
        <line num="1" count="2" type="stmt"/>
        <line num="3" count="2" type="stmt"/>
        <line num="5" count="2" type="stmt"/>
        <line num="6" count="0" type="stmt"/>
        <line num="10" count="0" type="stmt"/>
        <line num="11" count="0" type="stmt"/>
        <line num="14" count="2" type="stmt"/>
      </file>
    </package>
    <package name="src.controllers">
      <metrics statements="40" coveredstatements="35" conditionals="0" coveredconditionals="0" methods="5" coveredmethods="5"/>
      <file name="userConstroller.js" path="E:\NodeJs\ABC\Nodejs_Testing\src\controllers\userConstroller.js">
        <metrics statements="40" coveredstatements="35" conditionals="0" coveredconditionals="0" methods="5" coveredmethods="5"/>
        <line num="1" count="2" type="stmt"/>
        <line num="2" count="2" type="stmt"/>
        <line num="8" count="2" type="stmt"/>
        <line num="9" count="2" type="stmt"/>
        <line num="10" count="2" type="stmt"/>
        <line num="13" count="2" type="stmt"/>
        <line num="14" count="2" type="stmt"/>
        <line num="15" count="2" type="stmt"/>
        <line num="16" count="2" type="stmt"/>
        <line num="18" count="0" type="stmt"/>
        <line num="23" count="2" type="stmt"/>
        <line num="24" count="2" type="stmt"/>
        <line num="25" count="2" type="stmt"/>
        <line num="26" count="2" type="stmt"/>
        <line num="27" count="2" type="stmt"/>
        <line num="29" count="0" type="stmt"/>
        <line num="34" count="2" type="stmt"/>
        <line num="35" count="1" type="stmt"/>
        <line num="36" count="1" type="stmt"/>
        <line num="37" count="1" type="stmt"/>
        <line num="38" count="1" type="stmt"/>
        <line num="40" count="0" type="stmt"/>
        <line num="45" count="2" type="stmt"/>
        <line num="46" count="1" type="stmt"/>
        <line num="47" count="1" type="stmt"/>
        <line num="48" count="1" type="stmt"/>
        <line num="50" count="1" type="stmt"/>
        <line num="52" count="0" type="stmt"/>
        <line num="57" count="2" type="stmt"/>
        <line num="58" count="1" type="stmt"/>
        <line num="59" count="1" type="stmt"/>
        <line num="60" count="1" type="stmt"/>
        <line num="61" count="1" type="stmt"/>
        <line num="63" count="0" type="stmt"/>
        <line num="68" count="2" type="stmt"/>
        <line num="69" count="2" type="stmt"/>
        <line num="70" count="2" type="stmt"/>
        <line num="71" count="2" type="stmt"/>
        <line num="72" count="2" type="stmt"/>
        <line num="74" count="2" type="stmt"/>
      </file>
    </package>
    <package name="src.middlewares">
      <metrics statements="24" coveredstatements="16" conditionals="6" coveredconditionals="2" methods="5" coveredmethods="3"/>
      <file name="correlationChecking.js" path="E:\NodeJs\ABC\Nodejs_Testing\src\middlewares\correlationChecking.js">
        <metrics statements="7" coveredstatements="7" conditionals="2" coveredconditionals="1" methods="1" coveredmethods="1"/>
        <line num="2" count="2" type="stmt"/>
        <line num="3" count="7" type="stmt"/>
        <line num="4" count="7" type="cond" truecount="1" falsecount="1"/>
        <line num="5" count="7" type="stmt"/>
        <line num="6" count="7" type="stmt"/>
        <line num="9" count="7" type="stmt"/>
        <line num="11" count="7" type="stmt"/>
      </file>
      <file name="handleErrors.js" path="E:\NodeJs\ABC\Nodejs_Testing\src\middlewares\handleErrors.js">
        <metrics statements="7" coveredstatements="2" conditionals="2" coveredconditionals="0" methods="1" coveredmethods="0"/>
        <line num="1" count="2" type="stmt"/>
        <line num="3" count="2" type="stmt"/>
        <line num="4" count="0" type="stmt"/>
        <line num="5" count="0" type="cond" truecount="0" falsecount="2"/>
        <line num="6" count="0" type="stmt"/>
        <line num="9" count="0" type="stmt"/>
        <line num="11" count="0" type="stmt"/>
      </file>
      <file name="handleValidation.js" path="E:\NodeJs\ABC\Nodejs_Testing\src\middlewares\handleValidation.js">
        <metrics statements="10" coveredstatements="7" conditionals="2" coveredconditionals="1" methods="3" coveredmethods="2"/>
        <line num="1" count="2" type="stmt"/>
        <line num="3" count="2" type="stmt"/>
        <line num="4" count="2" type="stmt"/>
        <line num="5" count="1" type="stmt"/>
        <line num="6" count="1" type="stmt"/>
        <line num="8" count="1" type="cond" truecount="1" falsecount="1"/>
        <line num="9" count="1" type="stmt"/>
        <line num="12" count="0" type="stmt"/>
        <line num="13" count="0" type="stmt"/>
        <line num="14" count="0" type="stmt"/>
      </file>
    </package>
    <package name="src.models">
      <metrics statements="4" coveredstatements="4" conditionals="0" coveredconditionals="0" methods="0" coveredmethods="0"/>
      <file name="User.js" path="E:\NodeJs\ABC\Nodejs_Testing\src\models\User.js">
        <metrics statements="4" coveredstatements="4" conditionals="0" coveredconditionals="0" methods="0" coveredmethods="0"/>
        <line num="1" count="2" type="stmt"/>
        <line num="3" count="2" type="stmt"/>
        <line num="15" count="2" type="stmt"/>
        <line num="17" count="2" type="stmt"/>
      </file>
    </package>
    <package name="src.models.view-models">
      <metrics statements="7" coveredstatements="7" conditionals="0" coveredconditionals="0" methods="1" coveredmethods="1"/>
      <file name="user-view-models.js" path="E:\NodeJs\ABC\Nodejs_Testing\src\models\view-models\user-view-models.js">
        <metrics statements="7" coveredstatements="7" conditionals="0" coveredconditionals="0" methods="1" coveredmethods="1"/>
        <line num="1" count="2" type="stmt"/>
        <line num="3" count="2" type="stmt"/>
        <line num="9" count="2" type="stmt"/>
        <line num="10" count="1" type="stmt"/>
        <line num="11" count="1" type="stmt"/>
        <line num="12" count="1" type="stmt"/>
        <line num="15" count="2" type="stmt"/>
      </file>
    </package>
    <package name="src.utils">
      <metrics statements="10" coveredstatements="1" conditionals="0" coveredconditionals="0" methods="6" coveredmethods="0"/>
      <file name="errors.js" path="E:\NodeJs\ABC\Nodejs_Testing\src\utils\errors.js">
        <metrics statements="10" coveredstatements="1" conditionals="0" coveredconditionals="0" methods="6" coveredmethods="0"/>
        <line num="3" count="0" type="stmt"/>
        <line num="4" count="0" type="stmt"/>
        <line num="8" count="0" type="stmt"/>
        <line num="14" count="0" type="stmt"/>
        <line num="15" count="0" type="stmt"/>
        <line num="18" count="0" type="stmt"/>
        <line num="23" count="0" type="stmt"/>
        <line num="24" count="0" type="stmt"/>
        <line num="27" count="0" type="stmt"/>
        <line num="30" count="2" type="stmt"/>
      </file>
    </package>
  </project>
</coverage>
