{"E:\\NodeJs\\ABC\\Nodejs_Testing\\src\\app.js": {"path":"E:\\NodeJs\\ABC\\Nodejs_Testing\\src\\app.js","statementMap":{"0":{"start":{"line":1,"column":16},"end":{"line":1,"column":34}},"1":{"start":{"line":2,"column":15},"end":{"line":2,"column":33}},"2":{"start":{"line":3,"column":19},"end":{"line":3,"column":59}},"3":{"start":{"line":4,"column":24},"end":{"line":4,"column":61}},"4":{"start":{"line":5,"column":27},"end":{"line":5,"column":71}},"5":{"start":{"line":6,"column":36},"end":{"line":6,"column":55}},"6":{"start":{"line":7,"column":15},"end":{"line":7,"column":32}},"7":{"start":{"line":10,"column":12},"end":{"line":10,"column":21}},"8":{"start":{"line":11,"column":0},"end":{"line":11,"column":15}},"9":{"start":{"line":13,"column":0},"end":{"line":13,"column":24}},"10":{"start":{"line":16,"column":0},"end":{"line":16,"column":24}},"11":{"start":{"line":18,"column":0},"end":{"line":20,"column":1}},"12":{"start":{"line":19,"column":4},"end":{"line":19,"column":23}},"13":{"start":{"line":23,"column":0},"end":{"line":23,"column":28}},"14":{"start":{"line":25,"column":0},"end":{"line":27,"column":1}},"15":{"start":{"line":26,"column":4},"end":{"line":26,"column":24}},"16":{"start":{"line":30,"column":0},"end":{"line":30,"column":21}},"17":{"start":{"line":33,"column":0},"end":{"line":33,"column":21}}},"fnMap":{},"branchMap":{"0":{"loc":{"start":{"line":18,"column":0},"end":{"line":20,"column":1}},"type":"if","locations":[{"start":{"line":18,"column":0},"end":{"line":20,"column":1}},{"start":{},"end":{}}],"line":18},"1":{"loc":{"start":{"line":25,"column":0},"end":{"line":27,"column":1}},"type":"if","locations":[{"start":{"line":25,"column":0},"end":{"line":27,"column":1}},{"start":{},"end":{}}],"line":25}},"s":{"0":2,"1":2,"2":2,"3":2,"4":2,"5":2,"6":2,"7":2,"8":2,"9":2,"10":2,"11":2,"12":0,"13":2,"14":2,"15":0,"16":2,"17":2},"f":{},"b":{"0":[0,2],"1":[0,2]},"_coverageSchema":"1a1c01bbd47fc00a2c39e90264f33305004495a9","hash":"2950dc35c0b8015cd3e3c723e36d099ff094301f"}
,"E:\\NodeJs\\ABC\\Nodejs_Testing\\src\\logger.js": {"path":"E:\\NodeJs\\ABC\\Nodejs_Testing\\src\\logger.js","statementMap":{"0":{"start":{"line":1,"column":15},"end":{"line":1,"column":33}},"1":{"start":{"line":2,"column":16},"end":{"line":2,"column":34}},"2":{"start":{"line":3,"column":23},"end":{"line":3,"column":49}},"3":{"start":{"line":4,"column":20},"end":{"line":4,"column":56}},"4":{"start":{"line":5,"column":21},"end":{"line":5,"column":47}},"5":{"start":{"line":6,"column":35},"end":{"line":6,"column":67}},"6":{"start":{"line":9,"column":19},"end":{"line":15,"column":1}},"7":{"start":{"line":10,"column":16},"end":{"line":13,"column":5}},"8":{"start":{"line":14,"column":4},"end":{"line":14,"column":30}},"9":{"start":{"line":24,"column":29},"end":{"line":28,"column":1}},"10":{"start":{"line":29,"column":20},"end":{"line":29,"column":70}},"11":{"start":{"line":32,"column":19},"end":{"line":46,"column":2}},"12":{"start":{"line":57,"column":28},"end":{"line":62,"column":1}},"13":{"start":{"line":64,"column":20},"end":{"line":79,"column":2}},"14":{"start":{"line":83,"column":0},"end":{"line":86,"column":1}}},"fnMap":{"0":{"name":"(anonymous_0)","decl":{"start":{"line":9,"column":19},"end":{"line":9,"column":20}},"loc":{"start":{"line":9,"column":33},"end":{"line":15,"column":1}},"line":9}},"branchMap":{},"s":{"0":2,"1":2,"2":2,"3":2,"4":2,"5":2,"6":2,"7":0,"8":0,"9":2,"10":2,"11":2,"12":2,"13":2,"14":2},"f":{"0":0},"b":{},"_coverageSchema":"1a1c01bbd47fc00a2c39e90264f33305004495a9","hash":"2b237f79538ca860664d2ef79a6ee78d8c845b48"}
,"E:\\NodeJs\\ABC\\Nodejs_Testing\\src\\mongo.js": {"path":"E:\\NodeJs\\ABC\\Nodejs_Testing\\src\\mongo.js","statementMap":{"0":{"start":{"line":1,"column":17},"end":{"line":1,"column":36}},"1":{"start":{"line":3,"column":11},"end":{"line":3,"column":42}},"2":{"start":{"line":5,"column":27},"end":{"line":12,"column":1}},"3":{"start":{"line":6,"column":4},"end":{"line":11,"column":38}},"4":{"start":{"line":10,"column":19},"end":{"line":10,"column":62}},"5":{"start":{"line":11,"column":21},"end":{"line":11,"column":37}},"6":{"start":{"line":14,"column":0},"end":{"line":14,"column":42}}},"fnMap":{"0":{"name":"(anonymous_0)","decl":{"start":{"line":5,"column":27},"end":{"line":5,"column":28}},"loc":{"start":{"line":5,"column":33},"end":{"line":12,"column":1}},"line":5},"1":{"name":"(anonymous_1)","decl":{"start":{"line":10,"column":14},"end":{"line":10,"column":15}},"loc":{"start":{"line":10,"column":19},"end":{"line":10,"column":62}},"line":10},"2":{"name":"(anonymous_2)","decl":{"start":{"line":11,"column":15},"end":{"line":11,"column":16}},"loc":{"start":{"line":11,"column":21},"end":{"line":11,"column":37}},"line":11}},"branchMap":{},"s":{"0":2,"1":2,"2":2,"3":0,"4":0,"5":0,"6":2},"f":{"0":0,"1":0,"2":0},"b":{},"_coverageSchema":"1a1c01bbd47fc00a2c39e90264f33305004495a9","hash":"b1cfa939f24dbd19cf9e69009ebe73abc29c6894"}
,"E:\\NodeJs\\ABC\\Nodejs_Testing\\src\\controllers\\userConstroller.js": {"path":"E:\\NodeJs\\ABC\\Nodejs_Testing\\src\\controllers\\userConstroller.js","statementMap":{"0":{"start":{"line":1,"column":16},"end":{"line":1,"column":34}},"1":{"start":{"line":2,"column":15},"end":{"line":2,"column":31}},"2":{"start":{"line":8,"column":4},"end":{"line":8,"column":35}},"3":{"start":{"line":9,"column":29},"end":{"line":9,"column":71}},"4":{"start":{"line":10,"column":17},"end":{"line":10,"column":66}},"5":{"start":{"line":13,"column":19},"end":{"line":20,"column":1}},"6":{"start":{"line":14,"column":4},"end":{"line":19,"column":5}},"7":{"start":{"line":15,"column":22},"end":{"line":15,"column":38}},"8":{"start":{"line":16,"column":8},"end":{"line":16,"column":24}},"9":{"start":{"line":18,"column":8},"end":{"line":18,"column":43}},"10":{"start":{"line":23,"column":27},"end":{"line":31,"column":1}},"11":{"start":{"line":24,"column":4},"end":{"line":30,"column":5}},"12":{"start":{"line":25,"column":19},"end":{"line":25,"column":32}},"13":{"start":{"line":26,"column":21},"end":{"line":26,"column":42}},"14":{"start":{"line":27,"column":8},"end":{"line":27,"column":35}},"15":{"start":{"line":29,"column":8},"end":{"line":29,"column":43}},"16":{"start":{"line":34,"column":20},"end":{"line":42,"column":1}},"17":{"start":{"line":35,"column":4},"end":{"line":41,"column":5}},"18":{"start":{"line":36,"column":25},"end":{"line":36,"column":33}},"19":{"start":{"line":37,"column":21},"end":{"line":37,"column":45}},"20":{"start":{"line":38,"column":8},"end":{"line":38,"column":22}},"21":{"start":{"line":40,"column":8},"end":{"line":40,"column":43}},"22":{"start":{"line":45,"column":27},"end":{"line":54,"column":1}},"23":{"start":{"line":46,"column":4},"end":{"line":53,"column":5}},"24":{"start":{"line":47,"column":21},"end":{"line":47,"column":29}},"25":{"start":{"line":48,"column":27},"end":{"line":48,"column":49}},"26":{"start":{"line":50,"column":8},"end":{"line":50,"column":41}},"27":{"start":{"line":52,"column":8},"end":{"line":52,"column":43}},"28":{"start":{"line":57,"column":22},"end":{"line":66,"column":1}},"29":{"start":{"line":58,"column":4},"end":{"line":64,"column":5}},"30":{"start":{"line":59,"column":19},"end":{"line":59,"column":32}},"31":{"start":{"line":60,"column":23},"end":{"line":60,"column":43}},"32":{"start":{"line":61,"column":8},"end":{"line":61,"column":69}},"33":{"start":{"line":63,"column":8},"end":{"line":63,"column":43}},"34":{"start":{"line":68,"column":0},"end":{"line":68,"column":28}},"35":{"start":{"line":69,"column":0},"end":{"line":69,"column":39}},"36":{"start":{"line":70,"column":0},"end":{"line":70,"column":58}},"37":{"start":{"line":71,"column":0},"end":{"line":71,"column":38}},"38":{"start":{"line":72,"column":0},"end":{"line":72,"column":36}},"39":{"start":{"line":74,"column":0},"end":{"line":74,"column":24}}},"fnMap":{"0":{"name":"(anonymous_0)","decl":{"start":{"line":13,"column":19},"end":{"line":13,"column":20}},"loc":{"start":{"line":13,"column":45},"end":{"line":20,"column":1}},"line":13},"1":{"name":"(anonymous_1)","decl":{"start":{"line":23,"column":27},"end":{"line":23,"column":28}},"loc":{"start":{"line":23,"column":53},"end":{"line":31,"column":1}},"line":23},"2":{"name":"(anonymous_2)","decl":{"start":{"line":34,"column":20},"end":{"line":34,"column":21}},"loc":{"start":{"line":34,"column":46},"end":{"line":42,"column":1}},"line":34},"3":{"name":"(anonymous_3)","decl":{"start":{"line":45,"column":27},"end":{"line":45,"column":28}},"loc":{"start":{"line":45,"column":53},"end":{"line":54,"column":1}},"line":45},"4":{"name":"(anonymous_4)","decl":{"start":{"line":57,"column":22},"end":{"line":57,"column":23}},"loc":{"start":{"line":57,"column":48},"end":{"line":66,"column":1}},"line":57}},"branchMap":{},"s":{"0":2,"1":2,"2":2,"3":2,"4":2,"5":2,"6":2,"7":2,"8":2,"9":0,"10":2,"11":1,"12":1,"13":1,"14":1,"15":0,"16":2,"17":1,"18":1,"19":1,"20":1,"21":0,"22":2,"23":0,"24":0,"25":0,"26":0,"27":0,"28":2,"29":0,"30":0,"31":0,"32":0,"33":0,"34":2,"35":2,"36":2,"37":2,"38":2,"39":2},"f":{"0":2,"1":1,"2":1,"3":0,"4":0},"b":{},"_coverageSchema":"1a1c01bbd47fc00a2c39e90264f33305004495a9","hash":"a8d86e3ad4f7f120c72e6b298ac14f8b26024fbb"}
,"E:\\NodeJs\\ABC\\Nodejs_Testing\\src\\middlewares\\correlationChecking.js": {"path":"E:\\NodeJs\\ABC\\Nodejs_Testing\\src\\middlewares\\correlationChecking.js","statementMap":{"0":{"start":{"line":2,"column":0},"end":{"line":12,"column":1}},"1":{"start":{"line":3,"column":24},"end":{"line":3,"column":55}},"2":{"start":{"line":4,"column":4},"end":{"line":7,"column":5}},"3":{"start":{"line":5,"column":8},"end":{"line":5,"column":46}},"4":{"start":{"line":6,"column":8},"end":{"line":6,"column":56}},"5":{"start":{"line":9,"column":4},"end":{"line":9,"column":47}},"6":{"start":{"line":11,"column":4},"end":{"line":11,"column":18}}},"fnMap":{"0":{"name":"(anonymous_0)","decl":{"start":{"line":2,"column":25},"end":{"line":2,"column":26}},"loc":{"start":{"line":2,"column":51},"end":{"line":12,"column":1}},"line":2}},"branchMap":{"0":{"loc":{"start":{"line":4,"column":4},"end":{"line":7,"column":5}},"type":"if","locations":[{"start":{"line":4,"column":4},"end":{"line":7,"column":5}},{"start":{},"end":{}}],"line":4}},"s":{"0":2,"1":4,"2":4,"3":4,"4":4,"5":4,"6":4},"f":{"0":4},"b":{"0":[4,0]},"_coverageSchema":"1a1c01bbd47fc00a2c39e90264f33305004495a9","hash":"929c1ae39c8d1c9fdc0d17af1c96848cc36cf430"}
,"E:\\NodeJs\\ABC\\Nodejs_Testing\\src\\middlewares\\handleErrors.js": {"path":"E:\\NodeJs\\ABC\\Nodejs_Testing\\src\\middlewares\\handleErrors.js","statementMap":{"0":{"start":{"line":1,"column":25},"end":{"line":1,"column":51}},"1":{"start":{"line":3,"column":0},"end":{"line":15,"column":1}},"2":{"start":{"line":4,"column":15},"end":{"line":4,"column":18}},"3":{"start":{"line":5,"column":4},"end":{"line":7,"column":5}},"4":{"start":{"line":6,"column":21},"end":{"line":6,"column":34}},"5":{"start":{"line":9,"column":26},"end":{"line":9,"column":57}},"6":{"start":{"line":11,"column":4},"end":{"line":14,"column":6}}},"fnMap":{"0":{"name":"(anonymous_0)","decl":{"start":{"line":3,"column":22},"end":{"line":3,"column":23}},"loc":{"start":{"line":3,"column":53},"end":{"line":15,"column":1}},"line":3}},"branchMap":{"0":{"loc":{"start":{"line":5,"column":4},"end":{"line":7,"column":5}},"type":"if","locations":[{"start":{"line":5,"column":4},"end":{"line":7,"column":5}},{"start":{},"end":{}}],"line":5}},"s":{"0":2,"1":2,"2":0,"3":0,"4":0,"5":0,"6":0},"f":{"0":0},"b":{"0":[0,0]},"_coverageSchema":"1a1c01bbd47fc00a2c39e90264f33305004495a9","hash":"01568ea47e48b3c39a60e685a008fefead47e094"}
,"E:\\NodeJs\\ABC\\Nodejs_Testing\\src\\middlewares\\handleValidation.js": {"path":"E:\\NodeJs\\ABC\\Nodejs_Testing\\src\\middlewares\\handleValidation.js","statementMap":{"0":{"start":{"line":1,"column":23},"end":{"line":1,"column":49}},"1":{"start":{"line":3,"column":0},"end":{"line":16,"column":1}},"2":{"start":{"line":4,"column":4},"end":{"line":15,"column":5}},"3":{"start":{"line":5,"column":23},"end":{"line":5,"column":41}},"4":{"start":{"line":6,"column":24},"end":{"line":6,"column":44}},"5":{"start":{"line":8,"column":8},"end":{"line":10,"column":9}},"6":{"start":{"line":9,"column":12},"end":{"line":9,"column":26}},"7":{"start":{"line":12,"column":28},"end":{"line":12,"column":40}},"8":{"start":{"line":13,"column":28},"end":{"line":13,"column":56}},"9":{"start":{"line":13,"column":46},"end":{"line":13,"column":55}},"10":{"start":{"line":14,"column":8},"end":{"line":14,"column":38}}},"fnMap":{"0":{"name":"(anonymous_0)","decl":{"start":{"line":3,"column":27},"end":{"line":3,"column":28}},"loc":{"start":{"line":3,"column":41},"end":{"line":16,"column":1}},"line":3},"1":{"name":"(anonymous_1)","decl":{"start":{"line":4,"column":11},"end":{"line":4,"column":12}},"loc":{"start":{"line":4,"column":31},"end":{"line":15,"column":5}},"line":4},"2":{"name":"(anonymous_2)","decl":{"start":{"line":13,"column":41},"end":{"line":13,"column":42}},"loc":{"start":{"line":13,"column":46},"end":{"line":13,"column":55}},"line":13}},"branchMap":{"0":{"loc":{"start":{"line":8,"column":8},"end":{"line":10,"column":9}},"type":"if","locations":[{"start":{"line":8,"column":8},"end":{"line":10,"column":9}},{"start":{},"end":{}}],"line":8}},"s":{"0":2,"1":2,"2":2,"3":1,"4":1,"5":1,"6":1,"7":0,"8":0,"9":0,"10":0},"f":{"0":2,"1":1,"2":0},"b":{"0":[1,0]},"_coverageSchema":"1a1c01bbd47fc00a2c39e90264f33305004495a9","hash":"4e2d73751465b5da0542629901cf68ca0215771c"}
,"E:\\NodeJs\\ABC\\Nodejs_Testing\\src\\models\\User.js": {"path":"E:\\NodeJs\\ABC\\Nodejs_Testing\\src\\models\\User.js","statementMap":{"0":{"start":{"line":1,"column":17},"end":{"line":1,"column":36}},"1":{"start":{"line":3,"column":19},"end":{"line":13,"column":2}},"2":{"start":{"line":15,"column":13},"end":{"line":15,"column":47}},"3":{"start":{"line":17,"column":0},"end":{"line":17,"column":22}}},"fnMap":{},"branchMap":{},"s":{"0":2,"1":2,"2":2,"3":2},"f":{},"b":{},"_coverageSchema":"1a1c01bbd47fc00a2c39e90264f33305004495a9","hash":"890c6bdd46bfb71eb17a4ddd24ba12150bbf2c5e"}
,"E:\\NodeJs\\ABC\\Nodejs_Testing\\src\\models\\view-models\\user-view-models.js": {"path":"E:\\NodeJs\\ABC\\Nodejs_Testing\\src\\models\\view-models\\user-view-models.js","statementMap":{"0":{"start":{"line":1,"column":12},"end":{"line":1,"column":26}},"1":{"start":{"line":3,"column":15},"end":{"line":7,"column":1}},"2":{"start":{"line":9,"column":17},"end":{"line":13,"column":1}},"3":{"start":{"line":10,"column":19},"end":{"line":10,"column":40}},"4":{"start":{"line":11,"column":4},"end":{"line":11,"column":24}},"5":{"start":{"line":12,"column":4},"end":{"line":12,"column":18}},"6":{"start":{"line":15,"column":0},"end":{"line":15,"column":26}}},"fnMap":{"0":{"name":"(anonymous_0)","decl":{"start":{"line":9,"column":17},"end":{"line":9,"column":18}},"loc":{"start":{"line":9,"column":27},"end":{"line":13,"column":1}},"line":9}},"branchMap":{},"s":{"0":2,"1":2,"2":2,"3":1,"4":1,"5":1,"6":2},"f":{"0":1},"b":{},"_coverageSchema":"1a1c01bbd47fc00a2c39e90264f33305004495a9","hash":"6b0df24f4f89e4eae0b073bdbacd1f5254e0bc9b"}
,"E:\\NodeJs\\ABC\\Nodejs_Testing\\src\\utils\\errors.js": {"path":"E:\\NodeJs\\ABC\\Nodejs_Testing\\src\\utils\\errors.js","statementMap":{"0":{"start":{"line":3,"column":8},"end":{"line":3,"column":16}},"1":{"start":{"line":4,"column":8},"end":{"line":4,"column":31}},"2":{"start":{"line":8,"column":8},"end":{"line":8,"column":19}},"3":{"start":{"line":14,"column":8},"end":{"line":14,"column":23}},"4":{"start":{"line":15,"column":8},"end":{"line":15,"column":33}},"5":{"start":{"line":18,"column":16},"end":{"line":18,"column":27}},"6":{"start":{"line":23,"column":8},"end":{"line":23,"column":23}},"7":{"start":{"line":24,"column":8},"end":{"line":24,"column":31}},"8":{"start":{"line":27,"column":16},"end":{"line":27,"column":27}},"9":{"start":{"line":30,"column":0},"end":{"line":32,"column":1}}},"fnMap":{"0":{"name":"(anonymous_0)","decl":{"start":{"line":2,"column":4},"end":{"line":2,"column":5}},"loc":{"start":{"line":2,"column":25},"end":{"line":5,"column":5}},"line":2},"1":{"name":"(anonymous_1)","decl":{"start":{"line":7,"column":4},"end":{"line":7,"column":5}},"loc":{"start":{"line":7,"column":14},"end":{"line":9,"column":5}},"line":7},"2":{"name":"(anonymous_2)","decl":{"start":{"line":13,"column":4},"end":{"line":13,"column":5}},"loc":{"start":{"line":13,"column":25},"end":{"line":16,"column":5}},"line":13},"3":{"name":"(anonymous_3)","decl":{"start":{"line":18,"column":4},"end":{"line":18,"column":5}},"loc":{"start":{"line":18,"column":14},"end":{"line":18,"column":29}},"line":18},"4":{"name":"(anonymous_4)","decl":{"start":{"line":22,"column":4},"end":{"line":22,"column":5}},"loc":{"start":{"line":22,"column":25},"end":{"line":25,"column":5}},"line":22},"5":{"name":"(anonymous_5)","decl":{"start":{"line":27,"column":4},"end":{"line":27,"column":5}},"loc":{"start":{"line":27,"column":14},"end":{"line":27,"column":29}},"line":27}},"branchMap":{},"s":{"0":0,"1":0,"2":0,"3":0,"4":0,"5":0,"6":0,"7":0,"8":0,"9":2},"f":{"0":0,"1":0,"2":0,"3":0,"4":0,"5":0},"b":{},"_coverageSchema":"1a1c01bbd47fc00a2c39e90264f33305004495a9","hash":"9b52da5a4dad71ee6fdf7a13b3ca3e1d6ab86810"}
}
