{"E:\\NodeJs\\ABC\\Nodejs_Testing\\src\\app.js": {"path":"E:\\NodeJs\\ABC\\Nodejs_Testing\\src\\app.js","statementMap":{"0":{"start":{"line":1,"column":16},"end":{"line":1,"column":34}},"1":{"start":{"line":2,"column":33},"end":{"line":2,"column":51}},"2":{"start":{"line":3,"column":19},"end":{"line":3,"column":59}},"3":{"start":{"line":4,"column":24},"end":{"line":4,"column":61}},"4":{"start":{"line":5,"column":27},"end":{"line":5,"column":71}},"5":{"start":{"line":7,"column":15},"end":{"line":7,"column":32}},"6":{"start":{"line":10,"column":12},"end":{"line":10,"column":21}},"7":{"start":{"line":11,"column":0},"end":{"line":11,"column":15}},"8":{"start":{"line":13,"column":0},"end":{"line":13,"column":24}},"9":{"start":{"line":16,"column":0},"end":{"line":16,"column":24}},"10":{"start":{"line":19,"column":0},"end":{"line":19,"column":21}},"11":{"start":{"line":21,"column":0},"end":{"line":21,"column":59}},"12":{"start":{"line":22,"column":0},"end":{"line":22,"column":62}},"13":{"start":{"line":24,"column":0},"end":{"line":26,"column":1}},"14":{"start":{"line":25,"column":4},"end":{"line":25,"column":23}},"15":{"start":{"line":29,"column":0},"end":{"line":29,"column":28}},"16":{"start":{"line":31,"column":0},"end":{"line":33,"column":1}},"17":{"start":{"line":32,"column":4},"end":{"line":32,"column":24}},"18":{"start":{"line":37,"column":0},"end":{"line":37,"column":21}},"19":{"start":{"line":39,"column":0},"end":{"line":39,"column":21}}},"fnMap":{},"branchMap":{"0":{"loc":{"start":{"line":24,"column":0},"end":{"line":26,"column":1}},"type":"if","locations":[{"start":{"line":24,"column":0},"end":{"line":26,"column":1}},{"start":{},"end":{}}],"line":24},"1":{"loc":{"start":{"line":31,"column":0},"end":{"line":33,"column":1}},"type":"if","locations":[{"start":{"line":31,"column":0},"end":{"line":33,"column":1}},{"start":{},"end":{}}],"line":31}},"s":{"0":1,"1":1,"2":1,"3":1,"4":1,"5":1,"6":1,"7":1,"8":1,"9":1,"10":1,"11":1,"12":1,"13":1,"14":0,"15":1,"16":1,"17":0,"18":1,"19":1},"f":{},"b":{"0":[0,1],"1":[0,1]},"_coverageSchema":"1a1c01bbd47fc00a2c39e90264f33305004495a9","hash":"5d94904f67290d001c77b1e15ab0435a8870f834"}
,"E:\\NodeJs\\ABC\\Nodejs_Testing\\src\\mongo.js": {"path":"E:\\NodeJs\\ABC\\Nodejs_Testing\\src\\mongo.js","statementMap":{"0":{"start":{"line":1,"column":17},"end":{"line":1,"column":36}},"1":{"start":{"line":3,"column":11},"end":{"line":3,"column":42}},"2":{"start":{"line":5,"column":27},"end":{"line":12,"column":1}},"3":{"start":{"line":6,"column":4},"end":{"line":11,"column":38}},"4":{"start":{"line":10,"column":19},"end":{"line":10,"column":62}},"5":{"start":{"line":11,"column":21},"end":{"line":11,"column":37}},"6":{"start":{"line":14,"column":0},"end":{"line":14,"column":42}}},"fnMap":{"0":{"name":"(anonymous_0)","decl":{"start":{"line":5,"column":27},"end":{"line":5,"column":28}},"loc":{"start":{"line":5,"column":33},"end":{"line":12,"column":1}},"line":5},"1":{"name":"(anonymous_1)","decl":{"start":{"line":10,"column":14},"end":{"line":10,"column":15}},"loc":{"start":{"line":10,"column":19},"end":{"line":10,"column":62}},"line":10},"2":{"name":"(anonymous_2)","decl":{"start":{"line":11,"column":15},"end":{"line":11,"column":16}},"loc":{"start":{"line":11,"column":21},"end":{"line":11,"column":37}},"line":11}},"branchMap":{},"s":{"0":1,"1":1,"2":1,"3":1,"4":0,"5":0,"6":1},"f":{"0":1,"1":0,"2":0},"b":{},"_coverageSchema":"1a1c01bbd47fc00a2c39e90264f33305004495a9","hash":"b1cfa939f24dbd19cf9e69009ebe73abc29c6894"}
,"E:\\NodeJs\\ABC\\Nodejs_Testing\\src\\controllers\\userConstroller.js": {"path":"E:\\NodeJs\\ABC\\Nodejs_Testing\\src\\controllers\\userConstroller.js","statementMap":{"0":{"start":{"line":1,"column":16},"end":{"line":1,"column":34}},"1":{"start":{"line":2,"column":15},"end":{"line":2,"column":31}},"2":{"start":{"line":3,"column":55},"end":{"line":3,"column":86}},"3":{"start":{"line":4,"column":29},"end":{"line":4,"column":71}},"4":{"start":{"line":5,"column":17},"end":{"line":5,"column":66}},"5":{"start":{"line":8,"column":19},"end":{"line":15,"column":1}},"6":{"start":{"line":9,"column":4},"end":{"line":14,"column":5}},"7":{"start":{"line":10,"column":22},"end":{"line":10,"column":38}},"8":{"start":{"line":11,"column":8},"end":{"line":11,"column":24}},"9":{"start":{"line":13,"column":8},"end":{"line":13,"column":43}},"10":{"start":{"line":18,"column":20},"end":{"line":26,"column":1}},"11":{"start":{"line":19,"column":4},"end":{"line":25,"column":5}},"12":{"start":{"line":20,"column":25},"end":{"line":20,"column":33}},"13":{"start":{"line":21,"column":21},"end":{"line":21,"column":45}},"14":{"start":{"line":22,"column":8},"end":{"line":22,"column":22}},"15":{"start":{"line":24,"column":8},"end":{"line":24,"column":43}},"16":{"start":{"line":29,"column":27},"end":{"line":38,"column":1}},"17":{"start":{"line":30,"column":4},"end":{"line":37,"column":5}},"18":{"start":{"line":31,"column":21},"end":{"line":31,"column":29}},"19":{"start":{"line":32,"column":27},"end":{"line":32,"column":49}},"20":{"start":{"line":34,"column":8},"end":{"line":34,"column":41}},"21":{"start":{"line":36,"column":8},"end":{"line":36,"column":43}},"22":{"start":{"line":41,"column":22},"end":{"line":50,"column":1}},"23":{"start":{"line":42,"column":4},"end":{"line":48,"column":5}},"24":{"start":{"line":43,"column":19},"end":{"line":43,"column":32}},"25":{"start":{"line":44,"column":23},"end":{"line":44,"column":43}},"26":{"start":{"line":45,"column":8},"end":{"line":45,"column":69}},"27":{"start":{"line":47,"column":8},"end":{"line":47,"column":43}},"28":{"start":{"line":52,"column":0},"end":{"line":52,"column":28}},"29":{"start":{"line":53,"column":0},"end":{"line":53,"column":58}},"30":{"start":{"line":54,"column":0},"end":{"line":54,"column":38}},"31":{"start":{"line":55,"column":0},"end":{"line":55,"column":36}},"32":{"start":{"line":57,"column":0},"end":{"line":57,"column":24}}},"fnMap":{"0":{"name":"(anonymous_0)","decl":{"start":{"line":8,"column":19},"end":{"line":8,"column":20}},"loc":{"start":{"line":8,"column":45},"end":{"line":15,"column":1}},"line":8},"1":{"name":"(anonymous_1)","decl":{"start":{"line":18,"column":20},"end":{"line":18,"column":21}},"loc":{"start":{"line":18,"column":46},"end":{"line":26,"column":1}},"line":18},"2":{"name":"(anonymous_2)","decl":{"start":{"line":29,"column":27},"end":{"line":29,"column":28}},"loc":{"start":{"line":29,"column":53},"end":{"line":38,"column":1}},"line":29},"3":{"name":"(anonymous_3)","decl":{"start":{"line":41,"column":22},"end":{"line":41,"column":23}},"loc":{"start":{"line":41,"column":48},"end":{"line":50,"column":1}},"line":41}},"branchMap":{},"s":{"0":1,"1":1,"2":1,"3":1,"4":1,"5":1,"6":1,"7":1,"8":1,"9":0,"10":1,"11":0,"12":0,"13":0,"14":0,"15":0,"16":1,"17":0,"18":0,"19":0,"20":0,"21":0,"22":1,"23":0,"24":0,"25":0,"26":0,"27":0,"28":1,"29":1,"30":1,"31":1,"32":1},"f":{"0":1,"1":0,"2":0,"3":0},"b":{},"_coverageSchema":"1a1c01bbd47fc00a2c39e90264f33305004495a9","hash":"e9c0492ed9c7b0c9c5fa6332b129578725111e58"}
,"E:\\NodeJs\\ABC\\Nodejs_Testing\\src\\middlewares\\correlationChecking.js": {"path":"E:\\NodeJs\\ABC\\Nodejs_Testing\\src\\middlewares\\correlationChecking.js","statementMap":{"0":{"start":{"line":2,"column":0},"end":{"line":12,"column":1}},"1":{"start":{"line":3,"column":24},"end":{"line":3,"column":55}},"2":{"start":{"line":4,"column":4},"end":{"line":7,"column":5}},"3":{"start":{"line":5,"column":8},"end":{"line":5,"column":46}},"4":{"start":{"line":6,"column":8},"end":{"line":6,"column":56}},"5":{"start":{"line":9,"column":4},"end":{"line":9,"column":47}},"6":{"start":{"line":11,"column":4},"end":{"line":11,"column":18}}},"fnMap":{"0":{"name":"(anonymous_0)","decl":{"start":{"line":2,"column":25},"end":{"line":2,"column":26}},"loc":{"start":{"line":2,"column":51},"end":{"line":12,"column":1}},"line":2}},"branchMap":{"0":{"loc":{"start":{"line":4,"column":4},"end":{"line":7,"column":5}},"type":"if","locations":[{"start":{"line":4,"column":4},"end":{"line":7,"column":5}},{"start":{},"end":{}}],"line":4}},"s":{"0":1,"1":1,"2":1,"3":1,"4":1,"5":1,"6":1},"f":{"0":1},"b":{"0":[1,0]},"_coverageSchema":"1a1c01bbd47fc00a2c39e90264f33305004495a9","hash":"929c1ae39c8d1c9fdc0d17af1c96848cc36cf430"}
,"E:\\NodeJs\\ABC\\Nodejs_Testing\\src\\middlewares\\handleErrors.js": {"path":"E:\\NodeJs\\ABC\\Nodejs_Testing\\src\\middlewares\\handleErrors.js","statementMap":{"0":{"start":{"line":1,"column":25},"end":{"line":1,"column":51}},"1":{"start":{"line":3,"column":0},"end":{"line":15,"column":1}},"2":{"start":{"line":4,"column":15},"end":{"line":4,"column":18}},"3":{"start":{"line":5,"column":4},"end":{"line":7,"column":5}},"4":{"start":{"line":6,"column":21},"end":{"line":6,"column":34}},"5":{"start":{"line":9,"column":26},"end":{"line":9,"column":57}},"6":{"start":{"line":11,"column":4},"end":{"line":14,"column":6}}},"fnMap":{"0":{"name":"(anonymous_0)","decl":{"start":{"line":3,"column":22},"end":{"line":3,"column":23}},"loc":{"start":{"line":3,"column":53},"end":{"line":15,"column":1}},"line":3}},"branchMap":{"0":{"loc":{"start":{"line":5,"column":4},"end":{"line":7,"column":5}},"type":"if","locations":[{"start":{"line":5,"column":4},"end":{"line":7,"column":5}},{"start":{},"end":{}}],"line":5}},"s":{"0":1,"1":1,"2":0,"3":0,"4":0,"5":0,"6":0},"f":{"0":0},"b":{"0":[0,0]},"_coverageSchema":"1a1c01bbd47fc00a2c39e90264f33305004495a9","hash":"01568ea47e48b3c39a60e685a008fefead47e094"}
,"E:\\NodeJs\\ABC\\Nodejs_Testing\\src\\middlewares\\handleValidation.js": {"path":"E:\\NodeJs\\ABC\\Nodejs_Testing\\src\\middlewares\\handleValidation.js","statementMap":{"0":{"start":{"line":1,"column":23},"end":{"line":1,"column":49}},"1":{"start":{"line":3,"column":0},"end":{"line":16,"column":1}},"2":{"start":{"line":4,"column":4},"end":{"line":15,"column":5}},"3":{"start":{"line":5,"column":23},"end":{"line":5,"column":41}},"4":{"start":{"line":6,"column":24},"end":{"line":6,"column":44}},"5":{"start":{"line":8,"column":8},"end":{"line":10,"column":9}},"6":{"start":{"line":9,"column":12},"end":{"line":9,"column":26}},"7":{"start":{"line":12,"column":28},"end":{"line":12,"column":40}},"8":{"start":{"line":13,"column":28},"end":{"line":13,"column":56}},"9":{"start":{"line":13,"column":46},"end":{"line":13,"column":55}},"10":{"start":{"line":14,"column":8},"end":{"line":14,"column":38}}},"fnMap":{"0":{"name":"(anonymous_0)","decl":{"start":{"line":3,"column":27},"end":{"line":3,"column":28}},"loc":{"start":{"line":3,"column":41},"end":{"line":16,"column":1}},"line":3},"1":{"name":"(anonymous_1)","decl":{"start":{"line":4,"column":11},"end":{"line":4,"column":12}},"loc":{"start":{"line":4,"column":31},"end":{"line":15,"column":5}},"line":4},"2":{"name":"(anonymous_2)","decl":{"start":{"line":13,"column":41},"end":{"line":13,"column":42}},"loc":{"start":{"line":13,"column":46},"end":{"line":13,"column":55}},"line":13}},"branchMap":{"0":{"loc":{"start":{"line":8,"column":8},"end":{"line":10,"column":9}},"type":"if","locations":[{"start":{"line":8,"column":8},"end":{"line":10,"column":9}},{"start":{},"end":{}}],"line":8}},"s":{"0":1,"1":1,"2":1,"3":0,"4":0,"5":0,"6":0,"7":0,"8":0,"9":0,"10":0},"f":{"0":1,"1":0,"2":0},"b":{"0":[0,0]},"_coverageSchema":"1a1c01bbd47fc00a2c39e90264f33305004495a9","hash":"4e2d73751465b5da0542629901cf68ca0215771c"}
,"E:\\NodeJs\\ABC\\Nodejs_Testing\\src\\models\\view-models\\user-view-models.js": {"path":"E:\\NodeJs\\ABC\\Nodejs_Testing\\src\\models\\view-models\\user-view-models.js","statementMap":{"0":{"start":{"line":1,"column":12},"end":{"line":1,"column":26}},"1":{"start":{"line":3,"column":15},"end":{"line":7,"column":1}},"2":{"start":{"line":9,"column":17},"end":{"line":13,"column":1}},"3":{"start":{"line":10,"column":19},"end":{"line":10,"column":40}},"4":{"start":{"line":11,"column":4},"end":{"line":11,"column":24}},"5":{"start":{"line":12,"column":4},"end":{"line":12,"column":18}},"6":{"start":{"line":15,"column":0},"end":{"line":15,"column":26}}},"fnMap":{"0":{"name":"(anonymous_0)","decl":{"start":{"line":9,"column":17},"end":{"line":9,"column":18}},"loc":{"start":{"line":9,"column":27},"end":{"line":13,"column":1}},"line":9}},"branchMap":{},"s":{"0":1,"1":1,"2":1,"3":0,"4":0,"5":0,"6":1},"f":{"0":0},"b":{},"_coverageSchema":"1a1c01bbd47fc00a2c39e90264f33305004495a9","hash":"6b0df24f4f89e4eae0b073bdbacd1f5254e0bc9b"}
,"E:\\NodeJs\\ABC\\Nodejs_Testing\\src\\utils\\errors.js": {"path":"E:\\NodeJs\\ABC\\Nodejs_Testing\\src\\utils\\errors.js","statementMap":{"0":{"start":{"line":3,"column":8},"end":{"line":3,"column":16}},"1":{"start":{"line":4,"column":8},"end":{"line":4,"column":31}},"2":{"start":{"line":8,"column":8},"end":{"line":8,"column":19}},"3":{"start":{"line":14,"column":8},"end":{"line":14,"column":23}},"4":{"start":{"line":15,"column":8},"end":{"line":15,"column":33}},"5":{"start":{"line":18,"column":16},"end":{"line":18,"column":27}},"6":{"start":{"line":23,"column":8},"end":{"line":23,"column":23}},"7":{"start":{"line":24,"column":8},"end":{"line":24,"column":31}},"8":{"start":{"line":27,"column":16},"end":{"line":27,"column":27}},"9":{"start":{"line":30,"column":0},"end":{"line":32,"column":1}}},"fnMap":{"0":{"name":"(anonymous_0)","decl":{"start":{"line":2,"column":4},"end":{"line":2,"column":5}},"loc":{"start":{"line":2,"column":25},"end":{"line":5,"column":5}},"line":2},"1":{"name":"(anonymous_1)","decl":{"start":{"line":7,"column":4},"end":{"line":7,"column":5}},"loc":{"start":{"line":7,"column":14},"end":{"line":9,"column":5}},"line":7},"2":{"name":"(anonymous_2)","decl":{"start":{"line":13,"column":4},"end":{"line":13,"column":5}},"loc":{"start":{"line":13,"column":25},"end":{"line":16,"column":5}},"line":13},"3":{"name":"(anonymous_3)","decl":{"start":{"line":18,"column":4},"end":{"line":18,"column":5}},"loc":{"start":{"line":18,"column":14},"end":{"line":18,"column":29}},"line":18},"4":{"name":"(anonymous_4)","decl":{"start":{"line":22,"column":4},"end":{"line":22,"column":5}},"loc":{"start":{"line":22,"column":25},"end":{"line":25,"column":5}},"line":22},"5":{"name":"(anonymous_5)","decl":{"start":{"line":27,"column":4},"end":{"line":27,"column":5}},"loc":{"start":{"line":27,"column":14},"end":{"line":27,"column":29}},"line":27}},"branchMap":{},"s":{"0":0,"1":0,"2":0,"3":0,"4":0,"5":0,"6":0,"7":0,"8":0,"9":1},"f":{"0":0,"1":0,"2":0,"3":0,"4":0,"5":0},"b":{},"_coverageSchema":"1a1c01bbd47fc00a2c39e90264f33305004495a9","hash":"9b52da5a4dad71ee6fdf7a13b3ca3e1d6ab86810"}
}
