TN:
SF:src\app.js
FNF:0
FNH:0
DA:1,2
DA:2,2
DA:3,2
DA:4,2
DA:5,2
DA:6,2
DA:7,2
DA:10,2
DA:11,2
DA:13,2
DA:16,2
DA:18,2
DA:19,0
DA:23,2
DA:25,2
DA:26,0
DA:30,2
DA:33,2
LF:18
LH:16
BRDA:18,0,0,0
BRDA:18,0,1,2
BRDA:25,1,0,0
BRDA:25,1,1,2
BRF:4
BRH:2
end_of_record
TN:
SF:src\logger.js
FN:9,(anonymous_0)
FNF:1
FNH:0
FNDA:0,(anonymous_0)
DA:1,2
DA:2,2
DA:3,2
DA:4,2
DA:5,2
DA:6,2
DA:9,2
DA:10,0
DA:14,0
DA:24,2
DA:29,2
DA:32,2
DA:57,2
DA:64,2
DA:83,2
LF:15
LH:13
BRF:0
BRH:0
end_of_record
TN:
SF:src\mongo.js
FN:5,(anonymous_0)
FN:10,(anonymous_1)
FN:11,(anonymous_2)
FNF:3
FNH:0
FNDA:0,(anonymous_0)
FNDA:0,(anonymous_1)
FNDA:0,(anonymous_2)
DA:1,2
DA:3,2
DA:5,2
DA:6,0
DA:10,0
DA:11,0
DA:14,2
LF:7
LH:4
BRF:0
BRH:0
end_of_record
TN:
SF:src\controllers\userConstroller.js
FN:13,(anonymous_0)
FN:23,(anonymous_1)
FN:34,(anonymous_2)
FN:45,(anonymous_3)
FN:57,(anonymous_4)
FNF:5
FNH:5
FNDA:2,(anonymous_0)
FNDA:2,(anonymous_1)
FNDA:1,(anonymous_2)
FNDA:1,(anonymous_3)
FNDA:1,(anonymous_4)
DA:1,2
DA:2,2
DA:8,2
DA:9,2
DA:10,2
DA:13,2
DA:14,2
DA:15,2
DA:16,2
DA:18,0
DA:23,2
DA:24,2
DA:25,2
DA:26,2
DA:27,2
DA:29,0
DA:34,2
DA:35,1
DA:36,1
DA:37,1
DA:38,1
DA:40,0
DA:45,2
DA:46,1
DA:47,1
DA:48,1
DA:50,1
DA:52,0
DA:57,2
DA:58,1
DA:59,1
DA:60,1
DA:61,1
DA:63,0
DA:68,2
DA:69,2
DA:70,2
DA:71,2
DA:72,2
DA:74,2
LF:40
LH:35
BRF:0
BRH:0
end_of_record
TN:
SF:src\middlewares\correlationChecking.js
FN:2,(anonymous_0)
FNF:1
FNH:1
FNDA:7,(anonymous_0)
DA:2,2
DA:3,7
DA:4,7
DA:5,7
DA:6,7
DA:9,7
DA:11,7
LF:7
LH:7
BRDA:4,0,0,7
BRDA:4,0,1,0
BRF:2
BRH:1
end_of_record
TN:
SF:src\middlewares\handleErrors.js
FN:3,(anonymous_0)
FNF:1
FNH:0
FNDA:0,(anonymous_0)
DA:1,2
DA:3,2
DA:4,0
DA:5,0
DA:6,0
DA:9,0
DA:11,0
LF:7
LH:2
BRDA:5,0,0,0
BRDA:5,0,1,0
BRF:2
BRH:0
end_of_record
TN:
SF:src\middlewares\handleValidation.js
FN:3,(anonymous_0)
FN:4,(anonymous_1)
FN:13,(anonymous_2)
FNF:3
FNH:2
FNDA:2,(anonymous_0)
FNDA:1,(anonymous_1)
FNDA:0,(anonymous_2)
DA:1,2
DA:3,2
DA:4,2
DA:5,1
DA:6,1
DA:8,1
DA:9,1
DA:12,0
DA:13,0
DA:14,0
LF:10
LH:7
BRDA:8,0,0,1
BRDA:8,0,1,0
BRF:2
BRH:1
end_of_record
TN:
SF:src\models\User.js
FNF:0
FNH:0
DA:1,2
DA:3,2
DA:15,2
DA:17,2
LF:4
LH:4
BRF:0
BRH:0
end_of_record
TN:
SF:src\models\view-models\user-view-models.js
FN:9,(anonymous_0)
FNF:1
FNH:1
FNDA:1,(anonymous_0)
DA:1,2
DA:3,2
DA:9,2
DA:10,1
DA:11,1
DA:12,1
DA:15,2
LF:7
LH:7
BRF:0
BRH:0
end_of_record
TN:
SF:src\utils\errors.js
FN:2,(anonymous_0)
FN:7,(anonymous_1)
FN:13,(anonymous_2)
FN:18,(anonymous_3)
FN:22,(anonymous_4)
FN:27,(anonymous_5)
FNF:6
FNH:0
FNDA:0,(anonymous_0)
FNDA:0,(anonymous_1)
FNDA:0,(anonymous_2)
FNDA:0,(anonymous_3)
FNDA:0,(anonymous_4)
FNDA:0,(anonymous_5)
DA:3,0
DA:4,0
DA:8,0
DA:14,0
DA:15,0
DA:18,0
DA:23,0
DA:24,0
DA:27,0
DA:30,2
LF:10
LH:1
BRF:0
BRH:0
end_of_record
